[debug] [2022-11-28T13:11:25.215Z] ----------------------------------------------------------------------
[debug] [2022-11-28T13:11:25.223Z] Command:       C:\Program Files\nodejs\node.exe C:\Users\Hasnat\AppData\Roaming\npm\node_modules\firebase-tools\lib\bin\firebase.js deploy
[debug] [2022-11-28T13:11:25.224Z] CLI Version:   11.14.4
[debug] [2022-11-28T13:11:25.225Z] Platform:      win32
[debug] [2022-11-28T13:11:25.225Z] Node Version:  v16.15.1
[debug] [2022-11-28T13:11:25.376Z] Time:          Mon Nov 28 2022 19:11:25 GMT+0600 (Bangladesh Standard Time)
[debug] [2022-11-28T13:11:25.377Z] ----------------------------------------------------------------------
[debug] 
[debug] [2022-11-28T13:11:25.701Z] > command requires scopes: ["email","openid","https://www.googleapis.com/auth/cloudplatformprojects.readonly","https://www.googleapis.com/auth/firebase","https://www.googleapis.com/auth/cloud-platform"]
[debug] [2022-11-28T13:11:25.702Z] > authorizing via signed-in user (imhasnat00@gmail.com)
[debug] [2022-11-28T13:11:25.703Z] [iam] checking project used-products-resale-mar-e1011 for permissions ["firebase.projects.get","firebasehosting.sites.update"]
[debug] [2022-11-28T13:11:25.708Z] > refreshing access token with scopes: []
[debug] [2022-11-28T13:11:25.715Z] >>> [apiv2][query] POST https://www.googleapis.com/oauth2/v3/token [none]
[debug] [2022-11-28T13:11:25.715Z] >>> [apiv2][body] POST https://www.googleapis.com/oauth2/v3/token [omitted]
[debug] [2022-11-28T13:11:26.532Z] <<< [apiv2][status] POST https://www.googleapis.com/oauth2/v3/token 200
[debug] [2022-11-28T13:11:26.533Z] <<< [apiv2][body] POST https://www.googleapis.com/oauth2/v3/token [omitted]
[debug] [2022-11-28T13:11:26.681Z] >>> [apiv2][query] POST https://cloudresourcemanager.googleapis.com/v1/projects/used-products-resale-mar-e1011:testIamPermissions [none]
[debug] [2022-11-28T13:11:26.681Z] >>> [apiv2][(partial)header] POST https://cloudresourcemanager.googleapis.com/v1/projects/used-products-resale-mar-e1011:testIamPermissions x-goog-quota-user=projects/used-products-resale-mar-e1011
[debug] [2022-11-28T13:11:26.682Z] >>> [apiv2][body] POST https://cloudresourcemanager.googleapis.com/v1/projects/used-products-resale-mar-e1011:testIamPermissions {"permissions":["firebase.projects.get","firebasehosting.sites.update"]}
[debug] [2022-11-28T13:11:28.155Z] <<< [apiv2][status] POST https://cloudresourcemanager.googleapis.com/v1/projects/used-products-resale-mar-e1011:testIamPermissions 200
[debug] [2022-11-28T13:11:28.156Z] <<< [apiv2][body] POST https://cloudresourcemanager.googleapis.com/v1/projects/used-products-resale-mar-e1011:testIamPermissions {"permissions":["firebase.projects.get","firebasehosting.sites.update"]}
[debug] [2022-11-28T13:11:28.160Z] >>> [apiv2][query] GET https://firebase.googleapis.com/v1beta1/projects/used-products-resale-mar-e1011 [none]
[debug] [2022-11-28T13:11:30.224Z] <<< [apiv2][status] GET https://firebase.googleapis.com/v1beta1/projects/used-products-resale-mar-e1011 200
[debug] [2022-11-28T13:11:30.225Z] <<< [apiv2][body] GET https://firebase.googleapis.com/v1beta1/projects/used-products-resale-mar-e1011 {"projectId":"used-products-resale-mar-e1011","projectNumber":"586107543757","displayName":"Used Products Resale Market","name":"projects/used-products-resale-mar-e1011","resources":{"hostingSite":"used-products-resale-mar-e1011"},"state":"ACTIVE","etag":"1_a7632bbb-b4f2-4bdc-8db8-53a5d88a9f58"}
[info] 
[info] === Deploying to 'used-products-resale-mar-e1011'...
[info] 
[info] i  deploying hosting 
[debug] [2022-11-28T13:11:30.237Z] >>> [apiv2][query] POST https://firebasehosting.googleapis.com/v1beta1/projects/-/sites/used-products-resale-mar-e1011/versions [none]
[debug] [2022-11-28T13:11:30.237Z] >>> [apiv2][body] POST https://firebasehosting.googleapis.com/v1beta1/projects/-/sites/used-products-resale-mar-e1011/versions {"status":"CREATED","labels":{"deployment-tool":"cli-firebase"}}
[debug] [2022-11-28T13:11:31.792Z] <<< [apiv2][status] POST https://firebasehosting.googleapis.com/v1beta1/projects/-/sites/used-products-resale-mar-e1011/versions 200
[debug] [2022-11-28T13:11:31.793Z] <<< [apiv2][body] POST https://firebasehosting.googleapis.com/v1beta1/projects/-/sites/used-products-resale-mar-e1011/versions {"name":"projects/586107543757/sites/used-products-resale-mar-e1011/versions/06b8f12f3a9eb6ae","status":"CREATED","config":{},"labels":{"deployment-tool":"cli-firebase"}}
[info] i  hosting[used-products-resale-mar-e1011]: beginning deploy... 
[info] i  hosting[used-products-resale-mar-e1011]: found 16 files in build 
[debug] [2022-11-28T13:11:32.204Z] [hosting] uploading with 200 concurrency
[debug] [2022-11-28T13:11:34.408Z] [hosting] hash cache [YnVpbGQ] stored for 16 files
[debug] [2022-11-28T13:11:34.409Z] [hosting][hash queue][FINAL] {"max":2093,"min":24,"avg":237,"active":0,"complete":16,"success":16,"errored":0,"retried":0,"total":16,"elapsed":2134}
[debug] [2022-11-28T13:11:34.411Z] >>> [apiv2][query] POST https://firebasehosting.googleapis.com/v1beta1/projects/586107543757/sites/used-products-resale-mar-e1011/versions/06b8f12f3a9eb6ae:populateFiles [none]
[debug] [2022-11-28T13:11:34.411Z] >>> [apiv2][body] POST https://firebasehosting.googleapis.com/v1beta1/projects/586107543757/sites/used-products-resale-mar-e1011/versions/06b8f12f3a9eb6ae:populateFiles {"files":{"/favicon.ico":"eae62e993eb980ec8a25058c39d5a51feab118bd2100c4deebb2a9c158ec11f9","/logo192.png":"3ee59515172ee198f3be375979df15ac5345183e656720a381b8872b2a39dc8b","/logo512.png":"ee7e2f3fdb8209c4b6fd7bef6ba50d1b9dba30a25bb5c3126df057e1cb6f5331","/manifest.json":"aff3449bdc238776f5d6d967f19ec491b36aed5fb7f23ccff6500736fd58494a","/robots.txt":"bfe106a3fb878dc83461c86818bf74fc1bdc7f28538ba613cd3e775516ce8b49","/asset-manifest.json":"218bdf5bb2343a33a50770f52c352e22ff779021bf04b443d94c10f1d024883d","/index.html":"23319ab38f4d735206bace58a9f9e139918e90a95e800c905f731f91e5c6d36f","/static/css/main.e6f39825.css.map":"62027118409749f2bbb02d153c72eff77d1fcb0636003bca3a9dd8864374b8b3","/static/js/787.0f6241a0.chunk.js":"0f6d6dddf19156837a8b6bea618306731c02f23e10dd0a66a91db1259b690d01","/static/js/787.0f6241a0.chunk.js.map":"c4eefaabeb30f695c9e110f48c285b3c09c894e6653ea1eaa212d4dfb3a97882","/static/js/main.73ba49ed.js.LICENSE.txt":"031c73631e46bee683d58b4a76bda801e8787fbdddef15fbf4742ee34f0fe9c2","/static/css/main.e6f39825.css":"5314e6ad9cd6b8f901edaf1af204fbe046ee010963a15a60580985072a2540ee","/static/media/advertise.f052b42a8b9b3e0ec52f.gif":"7ee5c778c07dca536d602f578c8df5ec284f1d6bdf69c1862097eea98927347a","/static/js/main.73ba49ed.js":"1f2a37dcd1a6fa4070c5fb3d3120a80a8b2b2e5d0784c0e1f830d99c6f377312","/static/media/banner.d70e8272fb659cd4b544.gif":"fafc61dca0f48c61b82400f84709471dc63111f12bfdea90716d7621c3a07fa0","/static/js/main.73ba49ed.js.map":"9db47e4cce3c46da095f34f04b2781cbd4021a09c206beff81f8d34f7c840236"}}
[debug] [2022-11-28T13:11:37.098Z] <<< [apiv2][status] POST https://firebasehosting.googleapis.com/v1beta1/projects/586107543757/sites/used-products-resale-mar-e1011/versions/06b8f12f3a9eb6ae:populateFiles 200
[debug] [2022-11-28T13:11:37.098Z] <<< [apiv2][body] POST https://firebasehosting.googleapis.com/v1beta1/projects/586107543757/sites/used-products-resale-mar-e1011/versions/06b8f12f3a9eb6ae:populateFiles {"uploadRequiredHashes":["7ee5c778c07dca536d602f578c8df5ec284f1d6bdf69c1862097eea98927347a","031c73631e46bee683d58b4a76bda801e8787fbdddef15fbf4742ee34f0fe9c2","5314e6ad9cd6b8f901edaf1af204fbe046ee010963a15a60580985072a2540ee","1f2a37dcd1a6fa4070c5fb3d3120a80a8b2b2e5d0784c0e1f830d99c6f377312","9db47e4cce3c46da095f34f04b2781cbd4021a09c206beff81f8d34f7c840236","62027118409749f2bbb02d153c72eff77d1fcb0636003bca3a9dd8864374b8b3","23319ab38f4d735206bace58a9f9e139918e90a95e800c905f731f91e5c6d36f","fafc61dca0f48c61b82400f84709471dc63111f12bfdea90716d7621c3a07fa0","218bdf5bb2343a33a50770f52c352e22ff779021bf04b443d94c10f1d024883d"],"uploadUrl":"https://upload-firebasehosting.googleapis.com/upload/sites/used-products-resale-mar-e1011/versions/06b8f12f3a9eb6ae/files"}
[debug] [2022-11-28T13:11:37.107Z] >>> [apiv2][query] POST https://upload-firebasehosting.googleapis.com/upload/sites/used-products-resale-mar-e1011/versions/06b8f12f3a9eb6ae/files/7ee5c778c07dca536d602f578c8df5ec284f1d6bdf69c1862097eea98927347a [none]
[debug] [2022-11-28T13:11:37.108Z] >>> [apiv2][body] POST https://upload-firebasehosting.googleapis.com/upload/sites/used-products-resale-mar-e1011/versions/06b8f12f3a9eb6ae/files/7ee5c778c07dca536d602f578c8df5ec284f1d6bdf69c1862097eea98927347a [stream]
[debug] [2022-11-28T13:11:37.112Z] >>> [apiv2][query] POST https://upload-firebasehosting.googleapis.com/upload/sites/used-products-resale-mar-e1011/versions/06b8f12f3a9eb6ae/files/031c73631e46bee683d58b4a76bda801e8787fbdddef15fbf4742ee34f0fe9c2 [none]
[debug] [2022-11-28T13:11:37.113Z] >>> [apiv2][body] POST https://upload-firebasehosting.googleapis.com/upload/sites/used-products-resale-mar-e1011/versions/06b8f12f3a9eb6ae/files/031c73631e46bee683d58b4a76bda801e8787fbdddef15fbf4742ee34f0fe9c2 [stream]
[debug] [2022-11-28T13:11:37.116Z] >>> [apiv2][query] POST https://upload-firebasehosting.googleapis.com/upload/sites/used-products-resale-mar-e1011/versions/06b8f12f3a9eb6ae/files/5314e6ad9cd6b8f901edaf1af204fbe046ee010963a15a60580985072a2540ee [none]
[debug] [2022-11-28T13:11:37.116Z] >>> [apiv2][body] POST https://upload-firebasehosting.googleapis.com/upload/sites/used-products-resale-mar-e1011/versions/06b8f12f3a9eb6ae/files/5314e6ad9cd6b8f901edaf1af204fbe046ee010963a15a60580985072a2540ee [stream]
[debug] [2022-11-28T13:11:37.120Z] >>> [apiv2][query] POST https://upload-firebasehosting.googleapis.com/upload/sites/used-products-resale-mar-e1011/versions/06b8f12f3a9eb6ae/files/1f2a37dcd1a6fa4070c5fb3d3120a80a8b2b2e5d0784c0e1f830d99c6f377312 [none]
[debug] [2022-11-28T13:11:37.120Z] >>> [apiv2][body] POST https://upload-firebasehosting.googleapis.com/upload/sites/used-products-resale-mar-e1011/versions/06b8f12f3a9eb6ae/files/1f2a37dcd1a6fa4070c5fb3d3120a80a8b2b2e5d0784c0e1f830d99c6f377312 [stream]
[debug] [2022-11-28T13:11:37.123Z] >>> [apiv2][query] POST https://upload-firebasehosting.googleapis.com/upload/sites/used-products-resale-mar-e1011/versions/06b8f12f3a9eb6ae/files/9db47e4cce3c46da095f34f04b2781cbd4021a09c206beff81f8d34f7c840236 [none]
[debug] [2022-11-28T13:11:37.124Z] >>> [apiv2][body] POST https://upload-firebasehosting.googleapis.com/upload/sites/used-products-resale-mar-e1011/versions/06b8f12f3a9eb6ae/files/9db47e4cce3c46da095f34f04b2781cbd4021a09c206beff81f8d34f7c840236 [stream]
[debug] [2022-11-28T13:11:37.128Z] >>> [apiv2][query] POST https://upload-firebasehosting.googleapis.com/upload/sites/used-products-resale-mar-e1011/versions/06b8f12f3a9eb6ae/files/62027118409749f2bbb02d153c72eff77d1fcb0636003bca3a9dd8864374b8b3 [none]
[debug] [2022-11-28T13:11:37.128Z] >>> [apiv2][body] POST https://upload-firebasehosting.googleapis.com/upload/sites/used-products-resale-mar-e1011/versions/06b8f12f3a9eb6ae/files/62027118409749f2bbb02d153c72eff77d1fcb0636003bca3a9dd8864374b8b3 [stream]
[debug] [2022-11-28T13:11:37.132Z] >>> [apiv2][query] POST https://upload-firebasehosting.googleapis.com/upload/sites/used-products-resale-mar-e1011/versions/06b8f12f3a9eb6ae/files/23319ab38f4d735206bace58a9f9e139918e90a95e800c905f731f91e5c6d36f [none]
[debug] [2022-11-28T13:11:37.132Z] >>> [apiv2][body] POST https://upload-firebasehosting.googleapis.com/upload/sites/used-products-resale-mar-e1011/versions/06b8f12f3a9eb6ae/files/23319ab38f4d735206bace58a9f9e139918e90a95e800c905f731f91e5c6d36f [stream]
[debug] [2022-11-28T13:11:37.136Z] >>> [apiv2][query] POST https://upload-firebasehosting.googleapis.com/upload/sites/used-products-resale-mar-e1011/versions/06b8f12f3a9eb6ae/files/fafc61dca0f48c61b82400f84709471dc63111f12bfdea90716d7621c3a07fa0 [none]
[debug] [2022-11-28T13:11:37.136Z] >>> [apiv2][body] POST https://upload-firebasehosting.googleapis.com/upload/sites/used-products-resale-mar-e1011/versions/06b8f12f3a9eb6ae/files/fafc61dca0f48c61b82400f84709471dc63111f12bfdea90716d7621c3a07fa0 [stream]
[debug] [2022-11-28T13:11:37.144Z] >>> [apiv2][query] POST https://upload-firebasehosting.googleapis.com/upload/sites/used-products-resale-mar-e1011/versions/06b8f12f3a9eb6ae/files/218bdf5bb2343a33a50770f52c352e22ff779021bf04b443d94c10f1d024883d [none]
[debug] [2022-11-28T13:11:37.144Z] >>> [apiv2][body] POST https://upload-firebasehosting.googleapis.com/upload/sites/used-products-resale-mar-e1011/versions/06b8f12f3a9eb6ae/files/218bdf5bb2343a33a50770f52c352e22ff779021bf04b443d94c10f1d024883d [stream]
[debug] [2022-11-28T13:11:37.148Z] [hosting][populate queue][FINAL] {"max":2705,"min":2705,"avg":2705,"active":0,"complete":1,"success":1,"errored":0,"retried":0,"total":1,"elapsed":2746}
[debug] [2022-11-28T13:11:37.149Z] [hosting] uploads queued: 9
[debug] [2022-11-28T13:11:39.558Z] <<< [apiv2][status] POST https://upload-firebasehosting.googleapis.com/upload/sites/used-products-resale-mar-e1011/versions/06b8f12f3a9eb6ae/files/62027118409749f2bbb02d153c72eff77d1fcb0636003bca3a9dd8864374b8b3 200
[debug] [2022-11-28T13:11:39.558Z] <<< [apiv2][body] POST https://upload-firebasehosting.googleapis.com/upload/sites/used-products-resale-mar-e1011/versions/06b8f12f3a9eb6ae/files/62027118409749f2bbb02d153c72eff77d1fcb0636003bca3a9dd8864374b8b3 [stream]
[debug] [2022-11-28T13:11:39.929Z] <<< [apiv2][status] POST https://upload-firebasehosting.googleapis.com/upload/sites/used-products-resale-mar-e1011/versions/06b8f12f3a9eb6ae/files/031c73631e46bee683d58b4a76bda801e8787fbdddef15fbf4742ee34f0fe9c2 200
[debug] [2022-11-28T13:11:39.929Z] <<< [apiv2][body] POST https://upload-firebasehosting.googleapis.com/upload/sites/used-products-resale-mar-e1011/versions/06b8f12f3a9eb6ae/files/031c73631e46bee683d58b4a76bda801e8787fbdddef15fbf4742ee34f0fe9c2 [stream]
[debug] [2022-11-28T13:11:40.120Z] <<< [apiv2][status] POST https://upload-firebasehosting.googleapis.com/upload/sites/used-products-resale-mar-e1011/versions/06b8f12f3a9eb6ae/files/218bdf5bb2343a33a50770f52c352e22ff779021bf04b443d94c10f1d024883d 200
[debug] [2022-11-28T13:11:40.121Z] <<< [apiv2][body] POST https://upload-firebasehosting.googleapis.com/upload/sites/used-products-resale-mar-e1011/versions/06b8f12f3a9eb6ae/files/218bdf5bb2343a33a50770f52c352e22ff779021bf04b443d94c10f1d024883d [stream]
[debug] [2022-11-28T13:11:40.165Z] <<< [apiv2][status] POST https://upload-firebasehosting.googleapis.com/upload/sites/used-products-resale-mar-e1011/versions/06b8f12f3a9eb6ae/files/7ee5c778c07dca536d602f578c8df5ec284f1d6bdf69c1862097eea98927347a 200
[debug] [2022-11-28T13:11:40.166Z] <<< [apiv2][body] POST https://upload-firebasehosting.googleapis.com/upload/sites/used-products-resale-mar-e1011/versions/06b8f12f3a9eb6ae/files/7ee5c778c07dca536d602f578c8df5ec284f1d6bdf69c1862097eea98927347a [stream]
[debug] [2022-11-28T13:11:40.182Z] <<< [apiv2][status] POST https://upload-firebasehosting.googleapis.com/upload/sites/used-products-resale-mar-e1011/versions/06b8f12f3a9eb6ae/files/23319ab38f4d735206bace58a9f9e139918e90a95e800c905f731f91e5c6d36f 200
[debug] [2022-11-28T13:11:40.183Z] <<< [apiv2][body] POST https://upload-firebasehosting.googleapis.com/upload/sites/used-products-resale-mar-e1011/versions/06b8f12f3a9eb6ae/files/23319ab38f4d735206bace58a9f9e139918e90a95e800c905f731f91e5c6d36f [stream]
[debug] [2022-11-28T13:11:40.299Z] <<< [apiv2][status] POST https://upload-firebasehosting.googleapis.com/upload/sites/used-products-resale-mar-e1011/versions/06b8f12f3a9eb6ae/files/5314e6ad9cd6b8f901edaf1af204fbe046ee010963a15a60580985072a2540ee 200
[debug] [2022-11-28T13:11:40.299Z] <<< [apiv2][body] POST https://upload-firebasehosting.googleapis.com/upload/sites/used-products-resale-mar-e1011/versions/06b8f12f3a9eb6ae/files/5314e6ad9cd6b8f901edaf1af204fbe046ee010963a15a60580985072a2540ee [stream]
[debug] [2022-11-28T13:11:40.354Z] <<< [apiv2][status] POST https://upload-firebasehosting.googleapis.com/upload/sites/used-products-resale-mar-e1011/versions/06b8f12f3a9eb6ae/files/1f2a37dcd1a6fa4070c5fb3d3120a80a8b2b2e5d0784c0e1f830d99c6f377312 200
[debug] [2022-11-28T13:11:40.355Z] <<< [apiv2][body] POST https://upload-firebasehosting.googleapis.com/upload/sites/used-products-resale-mar-e1011/versions/06b8f12f3a9eb6ae/files/1f2a37dcd1a6fa4070c5fb3d3120a80a8b2b2e5d0784c0e1f830d99c6f377312 [stream]
[debug] [2022-11-28T13:11:43.162Z] <<< [apiv2][status] POST https://upload-firebasehosting.googleapis.com/upload/sites/used-products-resale-mar-e1011/versions/06b8f12f3a9eb6ae/files/fafc61dca0f48c61b82400f84709471dc63111f12bfdea90716d7621c3a07fa0 200
[debug] [2022-11-28T13:11:43.163Z] <<< [apiv2][body] POST https://upload-firebasehosting.googleapis.com/upload/sites/used-products-resale-mar-e1011/versions/06b8f12f3a9eb6ae/files/fafc61dca0f48c61b82400f84709471dc63111f12bfdea90716d7621c3a07fa0 [stream]
[debug] [2022-11-28T13:11:46.082Z] <<< [apiv2][status] POST https://upload-firebasehosting.googleapis.com/upload/sites/used-products-resale-mar-e1011/versions/06b8f12f3a9eb6ae/files/9db47e4cce3c46da095f34f04b2781cbd4021a09c206beff81f8d34f7c840236 200
[debug] [2022-11-28T13:11:46.082Z] <<< [apiv2][body] POST https://upload-firebasehosting.googleapis.com/upload/sites/used-products-resale-mar-e1011/versions/06b8f12f3a9eb6ae/files/9db47e4cce3c46da095f34f04b2781cbd4021a09c206beff81f8d34f7c840236 [stream]
[debug] [2022-11-28T13:11:46.083Z] [hosting][upload queue][FINAL] {"max":8980,"min":2455,"avg":3992.5555555555557,"active":0,"complete":9,"success":9,"errored":0,"retried":0,"total":9,"elapsed":8984}
[info] +  hosting[used-products-resale-mar-e1011]: file upload complete 
[debug] [2022-11-28T13:11:46.085Z] [hosting] deploy completed after 14283ms
[debug] [2022-11-28T13:11:46.094Z] [
  {
    "config": {
      "public": "build",
      "ignore": [
        "firebase.json",
        "**/.*",
        "**/node_modules/**"
      ],
      "rewrites": [
        {
          "source": "**",
          "destination": "/index.html"
        }
      ],
      "site": "used-products-resale-mar-e1011"
    },
    "version": "projects/586107543757/sites/used-products-resale-mar-e1011/versions/06b8f12f3a9eb6ae"
  }
]
[info] i  hosting[used-products-resale-mar-e1011]: finalizing version... 
[debug] [2022-11-28T13:11:46.100Z] >>> [apiv2][query] PATCH https://firebasehosting.googleapis.com/v1beta1/projects/-/sites/used-products-resale-mar-e1011/versions/06b8f12f3a9eb6ae updateMask=status%2Cconfig
[debug] [2022-11-28T13:11:46.100Z] >>> [apiv2][body] PATCH https://firebasehosting.googleapis.com/v1beta1/projects/-/sites/used-products-resale-mar-e1011/versions/06b8f12f3a9eb6ae {"status":"FINALIZED","config":{"rewrites":[{"glob":"**","path":"/index.html"}]}}
[debug] [2022-11-28T13:11:47.399Z] <<< [apiv2][status] PATCH https://firebasehosting.googleapis.com/v1beta1/projects/-/sites/used-products-resale-mar-e1011/versions/06b8f12f3a9eb6ae 200
[debug] [2022-11-28T13:11:47.399Z] <<< [apiv2][body] PATCH https://firebasehosting.googleapis.com/v1beta1/projects/-/sites/used-products-resale-mar-e1011/versions/06b8f12f3a9eb6ae {"name":"projects/586107543757/sites/used-products-resale-mar-e1011/versions/06b8f12f3a9eb6ae","status":"FINALIZED","config":{"rewrites":[{"glob":"**","path":"/index.html"}]},"labels":{"deployment-tool":"cli-firebase"},"createTime":"2022-11-28T13:11:30.234485Z","createUser":{"email":"imhasnat00@gmail.com"},"finalizeTime":"2022-11-28T13:11:46.351715Z","finalizeUser":{"email":"imhasnat00@gmail.com"}}
[debug] [2022-11-28T13:11:47.400Z] [hosting] finalized version for used-products-resale-mar-e1011:[object Object]
[info] +  hosting[used-products-resale-mar-e1011]: version finalized 
[info] i  hosting[used-products-resale-mar-e1011]: releasing new version... 
[debug] [2022-11-28T13:11:47.402Z] >>> [apiv2][query] POST https://firebasehosting.googleapis.com/v1beta1/projects/-/sites/used-products-resale-mar-e1011/channels/live/releases versionName=projects%2F586107543757%2Fsites%2Fused-products-resale-mar-e1011%2Fversions%2F06b8f12f3a9eb6ae
[debug] [2022-11-28T13:11:47.403Z] >>> [apiv2][body] POST https://firebasehosting.googleapis.com/v1beta1/projects/-/sites/used-products-resale-mar-e1011/channels/live/releases {}
[debug] [2022-11-28T13:11:48.832Z] <<< [apiv2][status] POST https://firebasehosting.googleapis.com/v1beta1/projects/-/sites/used-products-resale-mar-e1011/channels/live/releases 200
[debug] [2022-11-28T13:11:48.832Z] <<< [apiv2][body] POST https://firebasehosting.googleapis.com/v1beta1/projects/-/sites/used-products-resale-mar-e1011/channels/live/releases {"name":"projects/586107543757/sites/used-products-resale-mar-e1011/channels/live/releases/1669641107019805","version":{"name":"projects/586107543757/sites/used-products-resale-mar-e1011/versions/06b8f12f3a9eb6ae","status":"FINALIZED","config":{"rewrites":[{"glob":"**","path":"/index.html"}]},"labels":{"deployment-tool":"cli-firebase"},"createTime":"2022-11-28T13:11:30.234485Z","createUser":{"email":"imhasnat00@gmail.com","imageUrl":"https://lh3.googleusercontent.com/a/ALm5wu1Y1MioEa1QDEJODsiQAsiFPerCKGv5NO9kh5tgMw"},"finalizeTime":"2022-11-28T13:11:46.351715Z","finalizeUser":{"email":"imhasnat00@gmail.com","imageUrl":"https://lh3.googleusercontent.com/a/ALm5wu1Y1MioEa1QDEJODsiQAsiFPerCKGv5NO9kh5tgMw"}},"type":"DEPLOY","releaseTime":"2022-11-28T13:11:47.019805622Z","releaseUser":{"email":"imhasnat00@gmail.com","imageUrl":"https://lh3.googleusercontent.com/a/ALm5wu1Y1MioEa1QDEJODsiQAsiFPerCKGv5NO9kh5tgMw"}}
[debug] [2022-11-28T13:11:48.833Z] [hosting] release: {"name":"projects/586107543757/sites/used-products-resale-mar-e1011/channels/live/releases/1669641107019805","version":{"name":"projects/586107543757/sites/used-products-resale-mar-e1011/versions/06b8f12f3a9eb6ae","status":"FINALIZED","config":{"rewrites":[{"glob":"**","path":"/index.html"}]},"labels":{"deployment-tool":"cli-firebase"},"createTime":"2022-11-28T13:11:30.234485Z","createUser":{"email":"imhasnat00@gmail.com","imageUrl":"https://lh3.googleusercontent.com/a/ALm5wu1Y1MioEa1QDEJODsiQAsiFPerCKGv5NO9kh5tgMw"},"finalizeTime":"2022-11-28T13:11:46.351715Z","finalizeUser":{"email":"imhasnat00@gmail.com","imageUrl":"https://lh3.googleusercontent.com/a/ALm5wu1Y1MioEa1QDEJODsiQAsiFPerCKGv5NO9kh5tgMw"}},"type":"DEPLOY","releaseTime":"2022-11-28T13:11:47.019805622Z","releaseUser":{"email":"imhasnat00@gmail.com","imageUrl":"https://lh3.googleusercontent.com/a/ALm5wu1Y1MioEa1QDEJODsiQAsiFPerCKGv5NO9kh5tgMw"}}
[info] +  hosting[used-products-resale-mar-e1011]: release complete 
[info] 
[info] +  Deploy complete! 
[info] 
[info] Project Console: https://console.firebase.google.com/project/used-products-resale-mar-e1011/overview
[info] Hosting URL: https://used-products-resale-mar-e1011.web.app
[debug] [2022-11-28T13:11:59.873Z] Error: Timed out.
    at Timeout._onTimeout (C:\Users\Hasnat\AppData\Roaming\npm\node_modules\firebase-tools\lib\utils.js:253:49)
    at listOnTimeout (node:internal/timers:559:17)
    at processTimers (node:internal/timers:502:7)
[error] 
[error] Error: An unexpected error has occurred.
